#
# A fatal error has been detected by the Java Runtime Environment:
#
#  Internal Error (javaClasses.cpp:136), pid=1288, tid=6564
#  fatal error: Invalid layout of preloaded class
#
# JRE version:  (7.0_45-b18) (build )
# Java VM: Java HotSpot(TM) 64-Bit Server VM (24.45-b08 mixed mode windows-amd64 compressed oops)
# Failed to write core dump. Minidumps are not enabled by default on client versions of Windows
#
# If you would like to submit a bug report, please visit:
#   http://bugreport.sun.com/bugreport/crash.jsp
#

---------------  T H R E A D  ---------------

Current thread (0x0000000001e60800):  JavaThread "Unknown thread" [_thread_in_vm, id=6564, stack(0x0000000001d60000,0x0000000001e60000)]

Stack: [0x0000000001d60000,0x0000000001e60000]

---------------  P R O C E S S  ---------------

Java Threads: ( => current thread )

Other Threads:

=>0x0000000001e60800 (exited) JavaThread "Unknown thread" [_thread_in_vm, id=6564, stack(0x0000000001d60000,0x0000000001e60000)]

VM state:not at safepoint (not fully initialized)

VM Mutex/Monitor currently owned by a thread: None

GC Heap History (0 events):
No events

Deoptimization events (0 events):
No events

Internal exceptions (0 events):
No events

Events (10 events):
Event: 0.010 loading class 0x0000000001ea4de0 done
Event: 0.010 loading class 0x0000000001ea4800 done
Event: 0.010 loading class 0x0000000001ea47e0
Event: 0.010 loading class 0x0000000001eac8e0
Event: 0.010 loading class 0x0000000001eac8e0 done
Event: 0.010 loading class 0x0000000001eac910
Event: 0.010 loading class 0x0000000001eac910 done
Event: 0.010 loading class 0x0000000001eac940
Event: 0.010 loading class 0x0000000001eac940 done
Event: 0.010 loading class 0x0000000001ea47e0 done


Dynamic libraries:
0x000007f665bf0000 - 0x000007f665c23000 	C:\Program Files\Java\jre7\bin\javaw.exe
0x000007fd43ed0000 - 0x000007fd44090000 	C:\Windows\SYSTEM32\ntdll.dll
0x000007fd41480000 - 0x000007fd415b6000 	C:\Windows\system32\KERNEL32.DLL
0x000007fd40ed0000 - 0x000007fd40fc3000 	C:\Windows\system32\KERNELBASE.dll
0x000007fd41ef0000 - 0x000007fd41fce000 	C:\Windows\system32\ADVAPI32.dll
0x000007fd42280000 - 0x000007fd423cc000 	C:\Windows\system32\USER32.dll
0x000007fd3e840000 - 0x000007fd3eaaa000 	C:\Windows\WinSxS\amd64_microsoft.windows.common-controls_6595b64144ccf1df_6.0.9200.16579_none_418ab7ef718b27ef\COMCTL32.dll
0x000007fd41b10000 - 0x000007fd41bb5000 	C:\Windows\system32\msvcrt.dll
0x000007fd415d0000 - 0x000007fd41618000 	C:\Windows\SYSTEM32\sechost.dll
0x000007fd43af0000 - 0x000007fd43c35000 	C:\Windows\system32\RPCRT4.dll
0x000007fd439a0000 - 0x000007fd43ae1000 	C:\Windows\system32\GDI32.dll
0x000007fd43e90000 - 0x000007fd43ec9000 	C:\Windows\system32\IMM32.DLL
0x000007fd416c0000 - 0x000007fd417d6000 	C:\Windows\system32\MSCTF.dll
0x0000000061800000 - 0x00000000618d2000 	C:\Program Files\Java\jre7\bin\msvcr100.dll
0x000000005f4a0000 - 0x000000005fc69000 	C:\Program Files\Java\jre7\bin\server\jvm.dll
0x000007fd2bc00000 - 0x000007fd2bc09000 	C:\Windows\SYSTEM32\WSOCK32.dll
0x000007fd3c9d0000 - 0x000007fd3c9f0000 	C:\Windows\SYSTEM32\WINMM.dll
0x000007fd42210000 - 0x000007fd42217000 	C:\Windows\system32\PSAPI.DLL
0x000007fd41420000 - 0x000007fd41478000 	C:\Windows\system32\WS2_32.dll
0x000007fd3c990000 - 0x000007fd3c9c3000 	C:\Windows\SYSTEM32\WINMMBASE.dll
0x000007fd41d60000 - 0x000007fd41d69000 	C:\Windows\system32\NSI.dll
0x000007fd40e80000 - 0x000007fd40ecf000 	C:\Windows\SYSTEM32\cfgmgr32.dll
0x000007fd40e50000 - 0x000007fd40e72000 	C:\Windows\system32\DEVOBJ.dll
0x00000000620a0000 - 0x00000000620af000 	C:\Program Files\Java\jre7\bin\verify.dll
0x0000000062070000 - 0x0000000062098000 	C:\Program Files\Java\jre7\bin\java.dll
0x0000000062050000 - 0x0000000062065000 	C:\Program Files\Java\jre7\bin\zip.dll

VM Arguments:
jvm_args: -Dfile.encoding=Cp1252 -Xbootclasspath:C:\Users\gauriSood\Downloads\adt-bundle-windows-x86_64-20131030\adt-bundle-windows-x86_64-20131030\sdk\platforms\android-19\android.jar 
java_command: com.ak.test.TestCDTimer
Launcher Type: SUN_STANDARD

Environment Variables:
PATH=c:\Program Files (x86)\AMD APP\bin\x86_64;c:\Program Files (x86)\AMD APP\bin\x86;c:\Program Files (x86)\Intel\iCLS Client\;c:\Program Files\Intel\iCLS Client\;C:\Windows\system32;C:\Windows;C:\Windows\System32\Wbem;C:\Windows\System32\WindowsPowerShell\v1.0\;C:\Program Files\Intel\Intel(R) Management Engine Components\DAL;C:\Program Files\Intel\Intel(R) Management Engine Components\IPT;C:\Program Files (x86)\Intel\Intel(R) Management Engine Components\DAL;C:\Program Files (x86)\Intel\Intel(R) Management Engine Components\IPT;C:\Program Files (x86)\Intel\OpenCL SDK\3.0\bin\x86;C:\Program Files (x86)\Intel\OpenCL SDK\3.0\bin\x64;c:\Program Files (x86)\ATI Technologies\ATI.ACE\Core-Static;C:\Program Files (x86)\Windows Live\Shared;C:\Program Files (x86)\Git\cmd
USERNAME=gauriSood
OS=Windows_NT
PROCESSOR_IDENTIFIER=Intel64 Family 6 Model 69 Stepping 1, GenuineIntel



---------------  S Y S T E M  ---------------

OS: Windows 8 , 64 bit Build 9200 

CPU:total 4 (2 cores per cpu, 2 threads per core) family 6 model 69 stepping 1, cmov, cx8, fxsr, mmx, sse, sse2, sse3, ssse3, sse4.1, sse4.2, popcnt, avx, avx2, aes, erms, ht, tsc, tscinvbit

Memory: 4k page, physical 6169556k(2764588k free), swap 7152596k(2853504k free)

vm_info: Java HotSpot(TM) 64-Bit Server VM (24.45-b08) for windows-amd64 JRE (1.7.0_45-b18), built on Oct  8 2013 05:47:22 by "java_re" with unknown MS VC++:1600

time: Sat Mar 08 17:22:45 2014
elapsed time: 0 seconds

